<?xml version="1.0" encoding="UTF-8"?>
<!-- Generated by org.testng.reporters.JUnitReportReporter -->
<testsuite hostname="WindowsUser-PC" name="com.vacationInCancun.newarkToCancun" tests="1" failures="0" timestamp="31 Aug 2016 18:09:41 GMT" time="25.471" errors="0">
  <testcase name="dallasCancun" time="25.471" classname="com.vacationInCancun.newarkToCancun"/>
</testsuite> <!-- com.vacationInCancun.newarkToCancun -->
